# JRE version: OpenJDK Runtime Environment Temurin-21.0.2+13 (21.0.2+13) (build 21.0.2+13-LTS)
# Java VM: OpenJDK 64-Bit Server VM Temurin-21.0.2+13 (21.0.2+13-LTS, mixed mode, sharing, tiered, compressed oops, compressed class ptrs, g1 gc, windows-amd64)
GC Precious Log:
 CardTable entry size: 512
 Card Set container configuration: InlinePtr #cards 4 size 8 Array Of Cards #cards 16 size 48 Howl #buckets 8 coarsen threshold 3686 Howl Bitmap #cards 512 size 80 coarsen threshold 460 Card regions per heap region 1 cards per card region 4096
 CPUs: 12 total, 12 available
 Memory: 16059M
 Large Page Support: Disabled
 NUMA Support: Disabled
 Compressed Oops: Enabled (Zero based)
 Heap Region Size: 2M
 Heap Min Capacity: 8M
 Heap Initial Capacity: 252M
 Heap Max Capacity: 4016M
 Pre-touch: Disabled
 Parallel Workers: 10
 Concurrent Workers: 3
 Concurrent Refinement Workers: 10
 Periodic GC: Disabled
Heap:
 garbage-first heap   total 272384K, used 148972K [0x0000000705000000, 0x0000000800000000)
  region size 2048K, 25 young (51200K), 3 survivors (6144K)
 Metaspace       used 132612K, committed 133312K, reserved 1179648K
  class space    used 16866K, committed 17216K, reserved 1048576K
GC Heap History (20 events):
Event: 21.190 GC heap before
{Heap before GC invocations=32 (full 0):
 garbage-first heap   total 200704K, used 170137K [0x0000000705000000, 0x0000000800000000)
  region size 2048K, 42 young (86016K), 4 survivors (8192K)
 Metaspace       used 90539K, committed 91072K, reserved 1179648K
  class space    used 11271K, committed 11520K, reserved 1048576K
}
Event: 21.201 GC heap after
{Heap after GC invocations=33 (full 0):
 garbage-first heap   total 202752K, used 116736K [0x0000000705000000, 0x0000000800000000)
  region size 2048K, 6 young (12288K), 6 survivors (12288K)
 Metaspace       used 90539K, committed 91072K, reserved 1179648K
  class space    used 11271K, committed 11520K, reserved 1048576K
}
Event: 21.420 GC heap before
{Heap before GC invocations=33 (full 0):
 garbage-first heap   total 202752K, used 172032K [0x0000000705000000, 0x0000000800000000)
  region size 2048K, 33 young (67584K), 6 survivors (12288K)
 Metaspace       used 91470K, committed 91904K, reserved 1179648K
  class space    used 11365K, committed 11584K, reserved 1048576K
}
Event: 21.426 GC heap after
{Heap after GC invocations=34 (full 0):
 garbage-first heap   total 202752K, used 116806K [0x0000000705000000, 0x0000000800000000)
  region size 2048K, 2 young (4096K), 2 survivors (4096K)
 Metaspace       used 91470K, committed 91904K, reserved 1179648K
  class space    used 11365K, committed 11584K, reserved 1048576K
}
Event: 22.126 GC heap before
{Heap before GC invocations=35 (full 0):
 garbage-first heap   total 208896K, used 174150K [0x0000000705000000, 0x0000000800000000)
  region size 2048K, 31 young (63488K), 2 survivors (4096K)
 Metaspace       used 93348K, committed 93888K, reserved 1179648K
  class space    used 11584K, committed 11840K, reserved 1048576K
}
Event: 22.129 GC heap after
{Heap after GC invocations=36 (full 0):
 garbage-first heap   total 208896K, used 124473K [0x0000000705000000, 0x0000000800000000)
  region size 2048K, 4 young (8192K), 4 survivors (8192K)
 Metaspace       used 93348K, committed 93888K, reserved 1179648K
  class space    used 11584K, committed 11840K, reserved 1048576K
}
Event: 22.420 GC heap before
{Heap before GC invocations=36 (full 0):
 garbage-first heap   total 208896K, used 181817K [0x0000000705000000, 0x0000000800000000)
  region size 2048K, 32 young (65536K), 4 survivors (8192K)
 Metaspace       used 98629K, committed 99136K, reserved 1179648K
  class space    used 12507K, committed 12736K, reserved 1048576K
}
Event: 22.424 GC heap after
{Heap after GC invocations=37 (full 0):
 garbage-first heap   total 208896K, used 105550K [0x0000000705000000, 0x0000000800000000)
  region size 2048K, 2 young (4096K), 2 survivors (4096K)
 Metaspace       used 98629K, committed 99136K, reserved 1179648K
  class space    used 12507K, committed 12736K, reserved 1048576K
}
Event: 22.667 GC heap before
{Heap before GC invocations=37 (full 0):
 garbage-first heap   total 208896K, used 177230K [0x0000000705000000, 0x0000000800000000)
  region size 2048K, 37 young (75776K), 2 survivors (4096K)
 Metaspace       used 99768K, committed 100352K, reserved 1179648K
  class space    used 12659K, committed 12928K, reserved 1048576K
}
Event: 22.671 GC heap after
{Heap after GC invocations=38 (full 0):
 garbage-first heap   total 208896K, used 88820K [0x0000000705000000, 0x0000000800000000)
  region size 2048K, 2 young (4096K), 2 survivors (4096K)
 Metaspace       used 99768K, committed 100352K, reserved 1179648K
  class space    used 12659K, committed 12928K, reserved 1048576K
}
Event: 34.287 GC heap before
{Heap before GC invocations=38 (full 0):
 garbage-first heap   total 208896K, used 176884K [0x0000000705000000, 0x0000000800000000)
  region size 2048K, 45 young (92160K), 2 survivors (4096K)
 Metaspace       used 102302K, committed 102784K, reserved 1179648K
  class space    used 12824K, committed 13056K, reserved 1048576K
}
Event: 34.290 GC heap after
{Heap after GC invocations=39 (full 0):
 garbage-first heap   total 272384K, used 90450K [0x0000000705000000, 0x0000000800000000)
  region size 2048K, 3 young (6144K), 3 survivors (6144K)
 Metaspace       used 102302K, committed 102784K, reserved 1179648K
  class space    used 12824K, committed 13056K, reserved 1048576K
}
Event: 36.651 GC heap before
{Heap before GC invocations=40 (full 0):
 garbage-first heap   total 272384K, used 227666K [0x0000000705000000, 0x0000000800000000)
  region size 2048K, 71 young (145408K), 3 survivors (6144K)
 Metaspace       used 111675K, committed 112256K, reserved 1179648K
  class space    used 13985K, committed 14208K, reserved 1048576K
}
Event: 36.657 GC heap after
{Heap after GC invocations=41 (full 0):
 garbage-first heap   total 272384K, used 99605K [0x0000000705000000, 0x0000000800000000)
  region size 2048K, 7 young (14336K), 7 survivors (14336K)
 Metaspace       used 111675K, committed 112256K, reserved 1179648K
  class space    used 13985K, committed 14208K, reserved 1048576K
}
Event: 37.873 GC heap before
{Heap before GC invocations=41 (full 0):
 garbage-first heap   total 272384K, used 238869K [0x0000000705000000, 0x0000000800000000)
  region size 2048K, 75 young (153600K), 7 survivors (14336K)
 Metaspace       used 120885K, committed 121536K, reserved 1179648K
  class space    used 15661K, committed 16000K, reserved 1048576K
}
Event: 37.881 GC heap after
{Heap after GC invocations=42 (full 0):
 garbage-first heap   total 272384K, used 89980K [0x0000000705000000, 0x0000000800000000)
  region size 2048K, 8 young (16384K), 8 survivors (16384K)
 Metaspace       used 120885K, committed 121536K, reserved 1179648K
  class space    used 15661K, committed 16000K, reserved 1048576K
}
Event: 258.054 GC heap before
{Heap before GC invocations=42 (full 0):
 garbage-first heap   total 272384K, used 233340K [0x0000000705000000, 0x0000000800000000)
  region size 2048K, 79 young (161792K), 8 survivors (16384K)
 Metaspace       used 129855K, committed 130560K, reserved 1179648K
  class space    used 16766K, committed 17088K, reserved 1048576K
}
Event: 258.065 GC heap after
{Heap after GC invocations=43 (full 0):
 garbage-first heap   total 272384K, used 101322K [0x0000000705000000, 0x0000000800000000)
  region size 2048K, 9 young (18432K), 9 survivors (18432K)
 Metaspace       used 129855K, committed 130560K, reserved 1179648K
  class space    used 16766K, committed 17088K, reserved 1048576K
}
Event: 1263.820 GC heap before
{Heap before GC invocations=44 (full 0):
 garbage-first heap   total 272384K, used 236490K [0x0000000705000000, 0x0000000800000000)
  region size 2048K, 75 young (153600K), 9 survivors (18432K)
 Metaspace       used 132133K, committed 132864K, reserved 1179648K
  class space    used 16861K, committed 17216K, reserved 1048576K
}
Event: 1263.846 GC heap after
{Heap after GC invocations=45 (full 0):
 garbage-first heap   total 272384K, used 105964K [0x0000000705000000, 0x0000000800000000)
  region size 2048K, 3 young (6144K), 3 survivors (6144K)
 Metaspace       used 132133K, committed 132864K, reserved 1179648K
  class space    used 16861K, committed 17216K, reserved 1048576K
}

