# JRE version: OpenJDK Runtime Environment Temurin-21.0.2+13 (21.0.2+13) (build 21.0.2+13-LTS)
# Java VM: OpenJDK 64-Bit Server VM Temurin-21.0.2+13 (21.0.2+13-LTS, mixed mode, sharing, tiered, compressed oops, compressed class ptrs, g1 gc, windows-amd64)
GC Precious Log:
 CardTable entry size: 512
 Card Set container configuration: InlinePtr #cards 4 size 8 Array Of Cards #cards 16 size 48 Howl #buckets 8 coarsen threshold 3686 Howl Bitmap #cards 512 size 80 coarsen threshold 460 Card regions per heap region 1 cards per card region 4096
 CPUs: 12 total, 12 available
 Memory: 16059M
 Large Page Support: Disabled
 NUMA Support: Disabled
 Compressed Oops: Enabled (Zero based)
 Heap Region Size: 2M
 Heap Min Capacity: 8M
 Heap Initial Capacity: 252M
 Heap Max Capacity: 4016M
 Pre-touch: Disabled
 Parallel Workers: 10
 Concurrent Workers: 3
 Concurrent Refinement Workers: 10
 Periodic GC: Disabled
Heap:
 garbage-first heap   total 358400K, used 223000K [0x0000000705000000, 0x0000000800000000)
  region size 2048K, 68 young (139264K), 10 survivors (20480K)
 Metaspace       used 129814K, committed 130432K, reserved 1179648K
  class space    used 16740K, committed 17024K, reserved 1048576K
GC Heap History (20 events):
Event: 11.169 GC heap before
{Heap before GC invocations=29 (full 0):
 garbage-first heap   total 178176K, used 147702K [0x0000000705000000, 0x0000000800000000)
  region size 2048K, 34 young (69632K), 4 survivors (8192K)
 Metaspace       used 89487K, committed 89920K, reserved 1179648K
  class space    used 11177K, committed 11392K, reserved 1048576K
}
Event: 11.174 GC heap after
{Heap after GC invocations=30 (full 0):
 garbage-first heap   total 178176K, used 92631K [0x0000000705000000, 0x0000000800000000)
  region size 2048K, 3 young (6144K), 3 survivors (6144K)
 Metaspace       used 89487K, committed 89920K, reserved 1179648K
  class space    used 11177K, committed 11392K, reserved 1048576K
}
Event: 11.536 GC heap before
{Heap before GC invocations=30 (full 0):
 garbage-first heap   total 178176K, used 152023K [0x0000000705000000, 0x0000000800000000)
  region size 2048K, 32 young (65536K), 3 survivors (6144K)
 Metaspace       used 90637K, committed 91136K, reserved 1179648K
  class space    used 11304K, committed 11520K, reserved 1048576K
}
Event: 11.539 GC heap after
{Heap after GC invocations=31 (full 0):
 garbage-first heap   total 178176K, used 91718K [0x0000000705000000, 0x0000000800000000)
  region size 2048K, 2 young (4096K), 2 survivors (4096K)
 Metaspace       used 90637K, committed 91136K, reserved 1179648K
  class space    used 11304K, committed 11520K, reserved 1048576K
}
Event: 11.891 GC heap before
{Heap before GC invocations=31 (full 0):
 garbage-first heap   total 178176K, used 153158K [0x0000000705000000, 0x0000000800000000)
  region size 2048K, 32 young (65536K), 2 survivors (4096K)
 Metaspace       used 90865K, committed 91328K, reserved 1179648K
  class space    used 11321K, committed 11520K, reserved 1048576K
}
Event: 11.895 GC heap after
{Heap after GC invocations=32 (full 0):
 garbage-first heap   total 178176K, used 96381K [0x0000000705000000, 0x0000000800000000)
  region size 2048K, 4 young (8192K), 4 survivors (8192K)
 Metaspace       used 90865K, committed 91328K, reserved 1179648K
  class space    used 11321K, committed 11520K, reserved 1048576K
}
Event: 11.977 GC heap before
{Heap before GC invocations=33 (full 0):
 garbage-first heap   total 194560K, used 155773K [0x0000000705000000, 0x0000000800000000)
  region size 2048K, 33 young (67584K), 4 survivors (8192K)
 Metaspace       used 90891K, committed 91328K, reserved 1179648K
  class space    used 11322K, committed 11520K, reserved 1048576K
}
Event: 11.986 GC heap after
{Heap after GC invocations=34 (full 0):
 garbage-first heap   total 194560K, used 116725K [0x0000000705000000, 0x0000000800000000)
  region size 2048K, 5 young (10240K), 5 survivors (10240K)
 Metaspace       used 90891K, committed 91328K, reserved 1179648K
  class space    used 11322K, committed 11520K, reserved 1048576K
}
Event: 12.108 GC heap before
{Heap before GC invocations=34 (full 0):
 garbage-first heap   total 194560K, used 165877K [0x0000000705000000, 0x0000000800000000)
  region size 2048K, 29 young (59392K), 5 survivors (10240K)
 Metaspace       used 90958K, committed 91456K, reserved 1179648K
  class space    used 11322K, committed 11520K, reserved 1048576K
}
Event: 12.116 GC heap after
{Heap after GC invocations=35 (full 0):
 garbage-first heap   total 194560K, used 109282K [0x0000000705000000, 0x0000000800000000)
  region size 2048K, 4 young (8192K), 4 survivors (8192K)
 Metaspace       used 90958K, committed 91456K, reserved 1179648K
  class space    used 11322K, committed 11520K, reserved 1048576K
}
Event: 12.350 GC heap before
{Heap before GC invocations=35 (full 0):
 garbage-first heap   total 194560K, used 162530K [0x0000000705000000, 0x0000000800000000)
  region size 2048K, 30 young (61440K), 4 survivors (8192K)
 Metaspace       used 91920K, committed 92416K, reserved 1179648K
  class space    used 11423K, committed 11648K, reserved 1048576K
}
Event: 12.355 GC heap after
{Heap after GC invocations=36 (full 0):
 garbage-first heap   total 194560K, used 104642K [0x0000000705000000, 0x0000000800000000)
  region size 2048K, 1 young (2048K), 1 survivors (2048K)
 Metaspace       used 91920K, committed 92416K, reserved 1179648K
  class space    used 11423K, committed 11648K, reserved 1048576K
}
Event: 12.990 GC heap before
{Heap before GC invocations=36 (full 0):
 garbage-first heap   total 194560K, used 164034K [0x0000000705000000, 0x0000000800000000)
  region size 2048K, 30 young (61440K), 1 survivors (2048K)
 Metaspace       used 94799K, committed 95360K, reserved 1179648K
  class space    used 11783K, committed 12032K, reserved 1048576K
}
Event: 12.995 GC heap after
{Heap after GC invocations=37 (full 0):
 garbage-first heap   total 358400K, used 112798K [0x0000000705000000, 0x0000000800000000)
  region size 2048K, 4 young (8192K), 4 survivors (8192K)
 Metaspace       used 94799K, committed 95360K, reserved 1179648K
  class space    used 11783K, committed 12032K, reserved 1048576K
}
Event: 13.750 GC heap before
{Heap before GC invocations=38 (full 0):
 garbage-first heap   total 358400K, used 274590K [0x0000000705000000, 0x0000000800000000)
  region size 2048K, 84 young (172032K), 4 survivors (8192K)
 Metaspace       used 101214K, committed 101696K, reserved 1179648K
  class space    used 12780K, committed 12992K, reserved 1048576K
}
Event: 13.754 GC heap after
{Heap after GC invocations=39 (full 0):
 garbage-first heap   total 358400K, used 116470K [0x0000000705000000, 0x0000000800000000)
  region size 2048K, 6 young (12288K), 6 survivors (12288K)
 Metaspace       used 101214K, committed 101696K, reserved 1179648K
  class space    used 12780K, committed 12992K, reserved 1048576K
}
Event: 15.763 GC heap before
{Heap before GC invocations=39 (full 0):
 garbage-first heap   total 358400K, used 317174K [0x0000000705000000, 0x0000000800000000)
  region size 2048K, 105 young (215040K), 6 survivors (12288K)
 Metaspace       used 111837K, committed 112512K, reserved 1179648K
  class space    used 14029K, committed 14336K, reserved 1048576K
}
Event: 15.771 GC heap after
{Heap after GC invocations=40 (full 0):
 garbage-first heap   total 358400K, used 100151K [0x0000000705000000, 0x0000000800000000)
  region size 2048K, 11 young (22528K), 11 survivors (22528K)
 Metaspace       used 111837K, committed 112512K, reserved 1179648K
  class space    used 14029K, committed 14336K, reserved 1048576K
}
Event: 71.752 GC heap before
{Heap before GC invocations=40 (full 0):
 garbage-first heap   total 358400K, used 290615K [0x0000000705000000, 0x0000000800000000)
  region size 2048K, 105 young (215040K), 11 survivors (22528K)
 Metaspace       used 124888K, committed 125504K, reserved 1179648K
  class space    used 16173K, committed 16448K, reserved 1048576K
}
Event: 71.761 GC heap after
{Heap after GC invocations=41 (full 0):
 garbage-first heap   total 358400K, used 106264K [0x0000000705000000, 0x0000000800000000)
  region size 2048K, 10 young (20480K), 10 survivors (20480K)
 Metaspace       used 124888K, committed 125504K, reserved 1179648K
  class space    used 16173K, committed 16448K, reserved 1048576K
}

