# JRE version: OpenJDK Runtime Environment (8.0_345-b01) (build 1.8.0_345-b01)
# Java VM: OpenJDK 64-Bit Server VM (25.345-b01 mixed mode windows-amd64 compressed oops)
Heap:
 PSYoungGen      total 792064K, used 498199K [0x000000076c580000, 0x00000007a7080000, 0x00000007c0000000)
  eden space 743424K, 62% used [0x000000076c580000,0x0000000788eb6d18,0x0000000799b80000)
  from space 48640K, 61% used [0x0000000799b80000,0x000000079b8cefb0,0x000000079cb00000)
  to   space 49664K, 0% used [0x00000007a4000000,0x00000007a4000000,0x00000007a7080000)
 ParOldGen       total 299520K, used 65265K [0x00000006c5000000, 0x00000006d7480000, 0x000000076c580000)
  object space 299520K, 21% used [0x00000006c5000000,0x00000006c8fbc4c0,0x00000006d7480000)
 Metaspace       used 131037K, capacity 132729K, committed 132952K, reserved 1165312K
  class space    used 16855K, capacity 17211K, committed 17280K, reserved 1048576K
GC Heap History (10 events):
Event: 15.318 GC heap before
{Heap before GC invocations=17 (full 3):
 PSYoungGen      total 489472K, used 489442K [0x000000076c580000, 0x0000000795180000, 0x00000007c0000000)
  eden space 465408K, 100% used [0x000000076c580000,0x0000000788c00000,0x0000000788c00000)
  from space 24064K, 99% used [0x0000000788c00000,0x000000078a378850,0x000000078a380000)
  to   space 41472K, 0% used [0x0000000792900000,0x0000000792900000,0x0000000795180000)
 ParOldGen       total 196608K, used 75600K [0x00000006c5000000, 0x00000006d1000000, 0x000000076c580000)
  object space 196608K, 38% used [0x00000006c5000000,0x00000006c99d4090,0x00000006d1000000)
 Metaspace       used 92623K, capacity 93732K, committed 94040K, reserved 1132544K
  class space    used 11646K, capacity 11879K, committed 11904K, reserved 1048576K
Event: 15.346 GC heap after
Heap after GC invocations=17 (full 3):
 PSYoungGen      total 623616K, used 31276K [0x000000076c580000, 0x0000000795800000, 0x00000007c0000000)
  eden space 582144K, 0% used [0x000000076c580000,0x000000076c580000,0x000000078fe00000)
  from space 41472K, 75% used [0x0000000792900000,0x000000079478b030,0x0000000795180000)
  to   space 44032K, 0% used [0x000000078fe00000,0x000000078fe00000,0x0000000792900000)
 ParOldGen       total 196608K, used 75608K [0x00000006c5000000, 0x00000006d1000000, 0x000000076c580000)
  object space 196608K, 38% used [0x00000006c5000000,0x00000006c99d6090,0x00000006d1000000)
 Metaspace       used 92623K, capacity 93732K, committed 94040K, reserved 1132544K
  class space    used 11646K, capacity 11879K, committed 11904K, reserved 1048576K
}
Event: 16.008 GC heap before
{Heap before GC invocations=18 (full 3):
 PSYoungGen      total 623616K, used 168727K [0x000000076c580000, 0x0000000795800000, 0x00000007c0000000)
  eden space 582144K, 23% used [0x000000076c580000,0x0000000774bbae80,0x000000078fe00000)
  from space 41472K, 75% used [0x0000000792900000,0x000000079478b030,0x0000000795180000)
  to   space 44032K, 0% used [0x000000078fe00000,0x000000078fe00000,0x0000000792900000)
 ParOldGen       total 196608K, used 75608K [0x00000006c5000000, 0x00000006d1000000, 0x000000076c580000)
  object space 196608K, 38% used [0x00000006c5000000,0x00000006c99d6090,0x00000006d1000000)
 Metaspace       used 97189K, capacity 98254K, committed 98496K, reserved 1134592K
  class space    used 12363K, capacity 12590K, committed 12672K, reserved 1048576K
Event: 16.030 GC heap after
Heap after GC invocations=18 (full 3):
 PSYoungGen      total 626176K, used 41263K [0x000000076c580000, 0x00000007a0d00000, 0x00000007c0000000)
  eden space 582144K, 0% used [0x000000076c580000,0x000000076c580000,0x000000078fe00000)
  from space 44032K, 93% used [0x000000078fe00000,0x000000079264be50,0x0000000792900000)
  to   space 50176K, 0% used [0x000000079dc00000,0x000000079dc00000,0x00000007a0d00000)
 ParOldGen       total 196608K, used 75616K [0x00000006c5000000, 0x00000006d1000000, 0x000000076c580000)
  object space 196608K, 38% used [0x00000006c5000000,0x00000006c99d8090,0x00000006d1000000)
 Metaspace       used 97189K, capacity 98254K, committed 98496K, reserved 1134592K
  class space    used 12363K, capacity 12590K, committed 12672K, reserved 1048576K
}
Event: 16.030 GC heap before
{Heap before GC invocations=19 (full 4):
 PSYoungGen      total 626176K, used 41263K [0x000000076c580000, 0x00000007a0d00000, 0x00000007c0000000)
  eden space 582144K, 0% used [0x000000076c580000,0x000000076c580000,0x000000078fe00000)
  from space 44032K, 93% used [0x000000078fe00000,0x000000079264be50,0x0000000792900000)
  to   space 50176K, 0% used [0x000000079dc00000,0x000000079dc00000,0x00000007a0d00000)
 ParOldGen       total 196608K, used 75616K [0x00000006c5000000, 0x00000006d1000000, 0x000000076c580000)
  object space 196608K, 38% used [0x00000006c5000000,0x00000006c99d8090,0x00000006d1000000)
 Metaspace       used 97189K, capacity 98254K, committed 98496K, reserved 1134592K
  class space    used 12363K, capacity 12590K, committed 12672K, reserved 1048576K
Event: 16.145 GC heap after
Heap after GC invocations=19 (full 4):
 PSYoungGen      total 626176K, used 0K [0x000000076c580000, 0x00000007a0d00000, 0x00000007c0000000)
  eden space 582144K, 0% used [0x000000076c580000,0x000000076c580000,0x000000078fe00000)
  from space 44032K, 0% used [0x000000078fe00000,0x000000078fe00000,0x0000000792900000)
  to   space 50176K, 0% used [0x000000079dc00000,0x000000079dc00000,0x00000007a0d00000)
 ParOldGen       total 299520K, used 65249K [0x00000006c5000000, 0x00000006d7480000, 0x000000076c580000)
  object space 299520K, 21% used [0x00000006c5000000,0x00000006c8fb84c0,0x00000006d7480000)
 Metaspace       used 97147K, capacity 98188K, committed 98496K, reserved 1134592K
  class space    used 12357K, capacity 12579K, committed 12672K, reserved 1048576K
}
Event: 17.679 GC heap before
{Heap before GC invocations=20 (full 4):
 PSYoungGen      total 626176K, used 582144K [0x000000076c580000, 0x00000007a0d00000, 0x00000007c0000000)
  eden space 582144K, 100% used [0x000000076c580000,0x000000078fe00000,0x000000078fe00000)
  from space 44032K, 0% used [0x000000078fe00000,0x000000078fe00000,0x0000000792900000)
  to   space 50176K, 0% used [0x000000079dc00000,0x000000079dc00000,0x00000007a0d00000)
 ParOldGen       total 299520K, used 65249K [0x00000006c5000000, 0x00000006d7480000, 0x000000076c580000)
  object space 299520K, 21% used [0x00000006c5000000,0x00000006c8fb84c0,0x00000006d7480000)
 Metaspace       used 107081K, capacity 108336K, committed 108632K, reserved 1144832K
  class space    used 13447K, capacity 13688K, committed 13696K, reserved 1048576K
Event: 17.687 GC heap after
Heap after GC invocations=20 (full 4):
 PSYoungGen      total 774656K, used 12894K [0x000000076c580000, 0x000000079fa80000, 0x00000007c0000000)
  eden space 743424K, 0% used [0x000000076c580000,0x000000076c580000,0x0000000799b80000)
  from space 31232K, 41% used [0x000000079dc00000,0x000000079e897ac8,0x000000079fa80000)
  to   space 48640K, 0% used [0x0000000799b80000,0x0000000799b80000,0x000000079cb00000)
 ParOldGen       total 299520K, used 65257K [0x00000006c5000000, 0x00000006d7480000, 0x000000076c580000)
  object space 299520K, 21% used [0x00000006c5000000,0x00000006c8fba4c0,0x00000006d7480000)
 Metaspace       used 107081K, capacity 108336K, committed 108632K, reserved 1144832K
  class space    used 13447K, capacity 13688K, committed 13696K, reserved 1048576K
}
Event: 29.031 GC heap before
{Heap before GC invocations=21 (full 4):
 PSYoungGen      total 774656K, used 756318K [0x000000076c580000, 0x000000079fa80000, 0x00000007c0000000)
  eden space 743424K, 100% used [0x000000076c580000,0x0000000799b80000,0x0000000799b80000)
  from space 31232K, 41% used [0x000000079dc00000,0x000000079e897ac8,0x000000079fa80000)
  to   space 48640K, 0% used [0x0000000799b80000,0x0000000799b80000,0x000000079cb00000)
 ParOldGen       total 299520K, used 65257K [0x00000006c5000000, 0x00000006d7480000, 0x000000076c580000)
  object space 299520K, 21% used [0x00000006c5000000,0x00000006c8fba4c0,0x00000006d7480000)
 Metaspace       used 122054K, capacity 123480K, committed 123736K, reserved 1157120K
  class space    used 15868K, capacity 16196K, committed 16256K, reserved 1048576K
Event: 29.049 GC heap after
Heap after GC invocations=21 (full 4):
 PSYoungGen      total 792064K, used 30011K [0x000000076c580000, 0x00000007a7080000, 0x00000007c0000000)
  eden space 743424K, 0% used [0x000000076c580000,0x000000076c580000,0x0000000799b80000)
  from space 48640K, 61% used [0x0000000799b80000,0x000000079b8cefb0,0x000000079cb00000)
  to   space 49664K, 0% used [0x00000007a4000000,0x00000007a4000000,0x00000007a7080000)
 ParOldGen       total 299520K, used 65265K [0x00000006c5000000, 0x00000006d7480000, 0x000000076c580000)
  object space 299520K, 21% used [0x00000006c5000000,0x00000006c8fbc4c0,0x00000006d7480000)
 Metaspace       used 122054K, capacity 123480K, committed 123736K, reserved 1157120K
  class space    used 15868K, capacity 16196K, committed 16256K, reserved 1048576K
}

